[0.363s] Invoking command in '/home/bun/ros2_7bai_ws/build/mypkg': PYTHONPATH=/home/bun/ros2_7bai_ws/build/mypkg/prefix_override:/usr/lib/python3/dist-packages/colcon_core/task/python/colcon_distutils_commands:/home/bun/ros2_7bai_ws/install/mypkg/lib/python3.8/site-packages:${PYTHONPATH} /usr/bin/python3 -W ignore:setup.py install is deprecated -W ignore:easy_install command is deprecated setup.py develop --editable --build-directory /home/bun/ros2_7bai_ws/build/mypkg/build --no-deps symlink_data --force
[0.494s] running develop
[0.566s] running egg_info
[0.567s] writing mypkg.egg-info/PKG-INFO
[0.567s] writing dependency_links to mypkg.egg-info/dependency_links.txt
[0.567s] writing entry points to mypkg.egg-info/entry_points.txt
[0.567s] writing requirements to mypkg.egg-info/requires.txt
[0.567s] writing top-level names to mypkg.egg-info/top_level.txt
[0.586s] reading manifest file 'mypkg.egg-info/SOURCES.txt'
[0.587s] writing manifest file 'mypkg.egg-info/SOURCES.txt'
[0.609s] running build_ext
[0.609s] Creating /home/bun/ros2_7bai_ws/install/mypkg/lib/python3.8/site-packages/site.py
[0.611s] Creating /home/bun/ros2_7bai_ws/install/mypkg/lib/python3.8/site-packages/mypkg.egg-link (link to .)
[0.612s] Installing answer script to /home/bun/ros2_7bai_ws/install/mypkg/lib/mypkg
[0.612s] Installing number script to /home/bun/ros2_7bai_ws/install/mypkg/lib/mypkg
[0.612s] 
[0.612s] Installed /home/bun/ros2_7bai_ws/build/mypkg
[0.612s] running symlink_data
[0.612s] symbolically linking /home/bun/ros2_7bai_ws/build/mypkg/resource/mypkg -> /home/bun/ros2_7bai_ws/install/mypkg/share/ament_index/resource_index/packages
[0.612s] symbolically linking /home/bun/ros2_7bai_ws/build/mypkg/package.xml -> /home/bun/ros2_7bai_ws/install/mypkg/share/mypkg
[0.612s] symbolically linking /home/bun/ros2_7bai_ws/build/mypkg/launch/talk_listen.launch.py -> /home/bun/ros2_7bai_ws/install/mypkg/share/mypkg
[0.630s] Invoked command in '/home/bun/ros2_7bai_ws/build/mypkg' returned '0': PYTHONPATH=/home/bun/ros2_7bai_ws/build/mypkg/prefix_override:/usr/lib/python3/dist-packages/colcon_core/task/python/colcon_distutils_commands:/home/bun/ros2_7bai_ws/install/mypkg/lib/python3.8/site-packages:${PYTHONPATH} /usr/bin/python3 -W ignore:setup.py install is deprecated -W ignore:easy_install command is deprecated setup.py develop --editable --build-directory /home/bun/ros2_7bai_ws/build/mypkg/build --no-deps symlink_data --force
