[0.460s] Invoking command in '/home/bun/ros2_7bai_ws/src/mypkg': PYTHONPATH=/home/bun/ros2_7bai_ws/build/mypkg/prefix_override:/usr/lib/python3/dist-packages/colcon_core/task/python/colcon_distutils_commands:/home/bun/ros2_7bai_ws/install/mypkg/lib/python3.8/site-packages:${PYTHONPATH} /usr/bin/python3 -W ignore:setup.py install is deprecated -W ignore:easy_install command is deprecated setup.py egg_info --egg-base ../../build/mypkg build --build-base /home/bun/ros2_7bai_ws/build/mypkg/build install --record /home/bun/ros2_7bai_ws/build/mypkg/install.log --install-scripts $base/lib/mypkg --single-version-externally-managed install_data
[0.574s] running egg_info
[0.574s] writing ../../build/mypkg/mypkg.egg-info/PKG-INFO
[0.574s] writing dependency_links to ../../build/mypkg/mypkg.egg-info/dependency_links.txt
[0.574s] writing entry points to ../../build/mypkg/mypkg.egg-info/entry_points.txt
[0.574s] writing requirements to ../../build/mypkg/mypkg.egg-info/requires.txt
[0.574s] writing top-level names to ../../build/mypkg/mypkg.egg-info/top_level.txt
[0.600s] reading manifest file '../../build/mypkg/mypkg.egg-info/SOURCES.txt'
[0.600s] writing manifest file '../../build/mypkg/mypkg.egg-info/SOURCES.txt'
[0.601s] running build
[0.601s] running build_py
[0.601s] running install
[0.601s] running install_lib
[0.603s] running install_data
[0.603s] copying launch/talk_listen.launch.py -> /home/bun/ros2_7bai_ws/install/mypkg/share/mypkg
[0.603s] running install_egg_info
[0.605s] removing '/home/bun/ros2_7bai_ws/install/mypkg/lib/python3.8/site-packages/mypkg-0.0.0-py3.8.egg-info' (and everything under it)
[0.605s] Copying ../../build/mypkg/mypkg.egg-info to /home/bun/ros2_7bai_ws/install/mypkg/lib/python3.8/site-packages/mypkg-0.0.0-py3.8.egg-info
[0.606s] running install_scripts
[0.615s] Installing answer script to /home/bun/ros2_7bai_ws/install/mypkg/lib/mypkg
[0.615s] Installing number script to /home/bun/ros2_7bai_ws/install/mypkg/lib/mypkg
[0.616s] writing list of installed files to '/home/bun/ros2_7bai_ws/build/mypkg/install.log'
[0.630s] Invoked command in '/home/bun/ros2_7bai_ws/src/mypkg' returned '0': PYTHONPATH=/home/bun/ros2_7bai_ws/build/mypkg/prefix_override:/usr/lib/python3/dist-packages/colcon_core/task/python/colcon_distutils_commands:/home/bun/ros2_7bai_ws/install/mypkg/lib/python3.8/site-packages:${PYTHONPATH} /usr/bin/python3 -W ignore:setup.py install is deprecated -W ignore:easy_install command is deprecated setup.py egg_info --egg-base ../../build/mypkg build --build-base /home/bun/ros2_7bai_ws/build/mypkg/build install --record /home/bun/ros2_7bai_ws/build/mypkg/install.log --install-scripts $base/lib/mypkg --single-version-externally-managed install_data
