[0.371s] Invoking command in '/home/bun/ros2_7bai_ws/src/mypkg': PYTHONPATH=/home/bun/ros2_7bai_ws/build/mypkg/prefix_override:/usr/lib/python3/dist-packages/colcon_core/task/python/colcon_distutils_commands:/home/bun/ros2_7bai_ws/install/mypkg/lib/python3.8/site-packages:${PYTHONPATH} /usr/bin/python3 -W ignore:setup.py install is deprecated -W ignore:easy_install command is deprecated setup.py egg_info --egg-base ../../build/mypkg build --build-base /home/bun/ros2_7bai_ws/build/mypkg/build install --record /home/bun/ros2_7bai_ws/build/mypkg/install.log --install-scripts $base/lib/mypkg --single-version-externally-managed install_data
[0.490s] running egg_info
[0.491s] creating ../../build/mypkg/mypkg.egg-info
[0.491s] writing ../../build/mypkg/mypkg.egg-info/PKG-INFO
[0.491s] writing dependency_links to ../../build/mypkg/mypkg.egg-info/dependency_links.txt
[0.491s] writing entry points to ../../build/mypkg/mypkg.egg-info/entry_points.txt
[0.491s] writing requirements to ../../build/mypkg/mypkg.egg-info/requires.txt
[0.491s] writing top-level names to ../../build/mypkg/mypkg.egg-info/top_level.txt
[0.492s] writing manifest file '../../build/mypkg/mypkg.egg-info/SOURCES.txt'
[0.512s] reading manifest file '../../build/mypkg/mypkg.egg-info/SOURCES.txt'
[0.513s] writing manifest file '../../build/mypkg/mypkg.egg-info/SOURCES.txt'
[0.513s] running build
[0.513s] running build_py
[0.513s] creating /home/bun/ros2_7bai_ws/build/mypkg/build
[0.513s] creating /home/bun/ros2_7bai_ws/build/mypkg/build/lib
[0.513s] creating /home/bun/ros2_7bai_ws/build/mypkg/build/lib/mypkg
[0.513s] copying mypkg/__init__.py -> /home/bun/ros2_7bai_ws/build/mypkg/build/lib/mypkg
[0.514s] copying mypkg/answer.py -> /home/bun/ros2_7bai_ws/build/mypkg/build/lib/mypkg
[0.514s] copying mypkg/number.py -> /home/bun/ros2_7bai_ws/build/mypkg/build/lib/mypkg
[0.514s] running install
[0.514s] running install_lib
[0.515s] creating /home/bun/ros2_7bai_ws/install/mypkg/lib/python3.8/site-packages/mypkg
[0.515s] copying /home/bun/ros2_7bai_ws/build/mypkg/build/lib/mypkg/__init__.py -> /home/bun/ros2_7bai_ws/install/mypkg/lib/python3.8/site-packages/mypkg
[0.515s] copying /home/bun/ros2_7bai_ws/build/mypkg/build/lib/mypkg/answer.py -> /home/bun/ros2_7bai_ws/install/mypkg/lib/python3.8/site-packages/mypkg
[0.515s] copying /home/bun/ros2_7bai_ws/build/mypkg/build/lib/mypkg/number.py -> /home/bun/ros2_7bai_ws/install/mypkg/lib/python3.8/site-packages/mypkg
[0.515s] byte-compiling /home/bun/ros2_7bai_ws/install/mypkg/lib/python3.8/site-packages/mypkg/__init__.py to __init__.cpython-38.pyc
[0.516s] byte-compiling /home/bun/ros2_7bai_ws/install/mypkg/lib/python3.8/site-packages/mypkg/answer.py to answer.cpython-38.pyc
[0.516s] byte-compiling /home/bun/ros2_7bai_ws/install/mypkg/lib/python3.8/site-packages/mypkg/number.py to number.cpython-38.pyc
[0.517s] running install_data
[0.517s] creating /home/bun/ros2_7bai_ws/install/mypkg/share/ament_index
[0.517s] creating /home/bun/ros2_7bai_ws/install/mypkg/share/ament_index/resource_index
[0.517s] creating /home/bun/ros2_7bai_ws/install/mypkg/share/ament_index/resource_index/packages
[0.517s] copying resource/mypkg -> /home/bun/ros2_7bai_ws/install/mypkg/share/ament_index/resource_index/packages
[0.517s] copying package.xml -> /home/bun/ros2_7bai_ws/install/mypkg/share/mypkg
[0.517s] copying launch/talk_listen.launch.py -> /home/bun/ros2_7bai_ws/install/mypkg/share/mypkg
[0.517s] running install_egg_info
[0.518s] Copying ../../build/mypkg/mypkg.egg-info to /home/bun/ros2_7bai_ws/install/mypkg/lib/python3.8/site-packages/mypkg-0.0.0-py3.8.egg-info
[0.519s] running install_scripts
[0.529s] Installing answer script to /home/bun/ros2_7bai_ws/install/mypkg/lib/mypkg
[0.529s] Installing number script to /home/bun/ros2_7bai_ws/install/mypkg/lib/mypkg
[0.529s] writing list of installed files to '/home/bun/ros2_7bai_ws/build/mypkg/install.log'
[0.542s] Invoked command in '/home/bun/ros2_7bai_ws/src/mypkg' returned '0': PYTHONPATH=/home/bun/ros2_7bai_ws/build/mypkg/prefix_override:/usr/lib/python3/dist-packages/colcon_core/task/python/colcon_distutils_commands:/home/bun/ros2_7bai_ws/install/mypkg/lib/python3.8/site-packages:${PYTHONPATH} /usr/bin/python3 -W ignore:setup.py install is deprecated -W ignore:easy_install command is deprecated setup.py egg_info --egg-base ../../build/mypkg build --build-base /home/bun/ros2_7bai_ws/build/mypkg/build install --record /home/bun/ros2_7bai_ws/build/mypkg/install.log --install-scripts $base/lib/mypkg --single-version-externally-managed install_data
