running egg_info
creating ../../build/mypkg/mypkg.egg-info
writing ../../build/mypkg/mypkg.egg-info/PKG-INFO
writing dependency_links to ../../build/mypkg/mypkg.egg-info/dependency_links.txt
writing entry points to ../../build/mypkg/mypkg.egg-info/entry_points.txt
writing requirements to ../../build/mypkg/mypkg.egg-info/requires.txt
writing top-level names to ../../build/mypkg/mypkg.egg-info/top_level.txt
writing manifest file '../../build/mypkg/mypkg.egg-info/SOURCES.txt'
reading manifest file '../../build/mypkg/mypkg.egg-info/SOURCES.txt'
writing manifest file '../../build/mypkg/mypkg.egg-info/SOURCES.txt'
running build
running build_py
creating /home/bun/ros2_7bai_ws/build/mypkg/build
creating /home/bun/ros2_7bai_ws/build/mypkg/build/lib
creating /home/bun/ros2_7bai_ws/build/mypkg/build/lib/mypkg
copying mypkg/__init__.py -> /home/bun/ros2_7bai_ws/build/mypkg/build/lib/mypkg
copying mypkg/answer.py -> /home/bun/ros2_7bai_ws/build/mypkg/build/lib/mypkg
copying mypkg/number.py -> /home/bun/ros2_7bai_ws/build/mypkg/build/lib/mypkg
running install
running install_lib
creating /home/bun/ros2_7bai_ws/install/mypkg/lib/python3.8/site-packages/mypkg
copying /home/bun/ros2_7bai_ws/build/mypkg/build/lib/mypkg/__init__.py -> /home/bun/ros2_7bai_ws/install/mypkg/lib/python3.8/site-packages/mypkg
copying /home/bun/ros2_7bai_ws/build/mypkg/build/lib/mypkg/answer.py -> /home/bun/ros2_7bai_ws/install/mypkg/lib/python3.8/site-packages/mypkg
copying /home/bun/ros2_7bai_ws/build/mypkg/build/lib/mypkg/number.py -> /home/bun/ros2_7bai_ws/install/mypkg/lib/python3.8/site-packages/mypkg
byte-compiling /home/bun/ros2_7bai_ws/install/mypkg/lib/python3.8/site-packages/mypkg/__init__.py to __init__.cpython-38.pyc
byte-compiling /home/bun/ros2_7bai_ws/install/mypkg/lib/python3.8/site-packages/mypkg/answer.py to answer.cpython-38.pyc
byte-compiling /home/bun/ros2_7bai_ws/install/mypkg/lib/python3.8/site-packages/mypkg/number.py to number.cpython-38.pyc
running install_data
creating /home/bun/ros2_7bai_ws/install/mypkg/share/ament_index
creating /home/bun/ros2_7bai_ws/install/mypkg/share/ament_index/resource_index
creating /home/bun/ros2_7bai_ws/install/mypkg/share/ament_index/resource_index/packages
copying resource/mypkg -> /home/bun/ros2_7bai_ws/install/mypkg/share/ament_index/resource_index/packages
copying package.xml -> /home/bun/ros2_7bai_ws/install/mypkg/share/mypkg
copying launch/talk_listen.launch.py -> /home/bun/ros2_7bai_ws/install/mypkg/share/mypkg
running install_egg_info
Copying ../../build/mypkg/mypkg.egg-info to /home/bun/ros2_7bai_ws/install/mypkg/lib/python3.8/site-packages/mypkg-0.0.0-py3.8.egg-info
running install_scripts
Installing answer script to /home/bun/ros2_7bai_ws/install/mypkg/lib/mypkg
Installing number script to /home/bun/ros2_7bai_ws/install/mypkg/lib/mypkg
writing list of installed files to '/home/bun/ros2_7bai_ws/build/mypkg/install.log'
