[0.376s] Invoking command in '/home/bun/ros2_7bai_ws/build/mypkg': PYTHONPATH=/home/bun/ros2_7bai_ws/build/mypkg/prefix_override:/usr/lib/python3/dist-packages/colcon_core/task/python/colcon_distutils_commands:/home/bun/ros2_7bai_ws/install/mypkg/lib/python3.8/site-packages:${PYTHONPATH} /usr/bin/python3 -W ignore:setup.py install is deprecated -W ignore:easy_install command is deprecated setup.py develop --uninstall --editable --build-directory /home/bun/ros2_7bai_ws/build/mypkg/build
[0.509s] running develop
[0.576s] Removing /home/bun/ros2_7bai_ws/install/mypkg/lib/python3.8/site-packages/mypkg.egg-link (link to .)
[0.592s] Invoked command in '/home/bun/ros2_7bai_ws/build/mypkg' returned '0': PYTHONPATH=/home/bun/ros2_7bai_ws/build/mypkg/prefix_override:/usr/lib/python3/dist-packages/colcon_core/task/python/colcon_distutils_commands:/home/bun/ros2_7bai_ws/install/mypkg/lib/python3.8/site-packages:${PYTHONPATH} /usr/bin/python3 -W ignore:setup.py install is deprecated -W ignore:easy_install command is deprecated setup.py develop --uninstall --editable --build-directory /home/bun/ros2_7bai_ws/build/mypkg/build
[0.592s] Invoking command in '/home/bun/ros2_7bai_ws/src/mypkg': PYTHONPATH=/home/bun/ros2_7bai_ws/build/mypkg/prefix_override:/usr/lib/python3/dist-packages/colcon_core/task/python/colcon_distutils_commands:/home/bun/ros2_7bai_ws/install/mypkg/lib/python3.8/site-packages:${PYTHONPATH} /usr/bin/python3 -W ignore:setup.py install is deprecated -W ignore:easy_install command is deprecated setup.py egg_info --egg-base ../../build/mypkg build --build-base /home/bun/ros2_7bai_ws/build/mypkg/build install --record /home/bun/ros2_7bai_ws/build/mypkg/install.log --install-scripts $base/lib/mypkg --single-version-externally-managed install_data --force
[0.715s] running egg_info
[0.716s] writing ../../build/mypkg/mypkg.egg-info/PKG-INFO
[0.716s] writing dependency_links to ../../build/mypkg/mypkg.egg-info/dependency_links.txt
[0.716s] writing entry points to ../../build/mypkg/mypkg.egg-info/entry_points.txt
[0.716s] writing requirements to ../../build/mypkg/mypkg.egg-info/requires.txt
[0.716s] writing top-level names to ../../build/mypkg/mypkg.egg-info/top_level.txt
[0.737s] reading manifest file '../../build/mypkg/mypkg.egg-info/SOURCES.txt'
[0.737s] writing manifest file '../../build/mypkg/mypkg.egg-info/SOURCES.txt'
[0.737s] running build
[0.737s] running build_py
[0.737s] running install
[0.738s] running install_lib
[0.738s] creating /home/bun/ros2_7bai_ws/install/mypkg/lib/python3.8/site-packages/mypkg
[0.739s] copying /home/bun/ros2_7bai_ws/build/mypkg/build/lib/mypkg/__init__.py -> /home/bun/ros2_7bai_ws/install/mypkg/lib/python3.8/site-packages/mypkg
[0.739s] copying /home/bun/ros2_7bai_ws/build/mypkg/build/lib/mypkg/answer.py -> /home/bun/ros2_7bai_ws/install/mypkg/lib/python3.8/site-packages/mypkg
[0.739s] copying /home/bun/ros2_7bai_ws/build/mypkg/build/lib/mypkg/number.py -> /home/bun/ros2_7bai_ws/install/mypkg/lib/python3.8/site-packages/mypkg
[0.739s] byte-compiling /home/bun/ros2_7bai_ws/install/mypkg/lib/python3.8/site-packages/mypkg/__init__.py to __init__.cpython-38.pyc
[0.740s] byte-compiling /home/bun/ros2_7bai_ws/install/mypkg/lib/python3.8/site-packages/mypkg/answer.py to answer.cpython-38.pyc
[0.740s] byte-compiling /home/bun/ros2_7bai_ws/install/mypkg/lib/python3.8/site-packages/mypkg/number.py to number.cpython-38.pyc
[0.740s] running install_data
[0.741s] copying resource/mypkg -> /home/bun/ros2_7bai_ws/install/mypkg/share/ament_index/resource_index/packages
[0.741s] copying package.xml -> /home/bun/ros2_7bai_ws/install/mypkg/share/mypkg
[0.741s] copying launch/talk_listen.launch.py -> /home/bun/ros2_7bai_ws/install/mypkg/share/mypkg
[0.741s] running install_egg_info
[0.742s] Copying ../../build/mypkg/mypkg.egg-info to /home/bun/ros2_7bai_ws/install/mypkg/lib/python3.8/site-packages/mypkg-0.0.0-py3.8.egg-info
[0.742s] running install_scripts
[0.752s] Installing answer script to /home/bun/ros2_7bai_ws/install/mypkg/lib/mypkg
[0.752s] Installing number script to /home/bun/ros2_7bai_ws/install/mypkg/lib/mypkg
[0.752s] writing list of installed files to '/home/bun/ros2_7bai_ws/build/mypkg/install.log'
[0.765s] Invoked command in '/home/bun/ros2_7bai_ws/src/mypkg' returned '0': PYTHONPATH=/home/bun/ros2_7bai_ws/build/mypkg/prefix_override:/usr/lib/python3/dist-packages/colcon_core/task/python/colcon_distutils_commands:/home/bun/ros2_7bai_ws/install/mypkg/lib/python3.8/site-packages:${PYTHONPATH} /usr/bin/python3 -W ignore:setup.py install is deprecated -W ignore:easy_install command is deprecated setup.py egg_info --egg-base ../../build/mypkg build --build-base /home/bun/ros2_7bai_ws/build/mypkg/build install --record /home/bun/ros2_7bai_ws/build/mypkg/install.log --install-scripts $base/lib/mypkg --single-version-externally-managed install_data --force
