[0.367s] Invoking command in '/home/bun/ros2_7bai_ws/src/mypkg': PYTHONPATH=/home/bun/ros2_7bai_ws/build/mypkg/prefix_override:/usr/lib/python3/dist-packages/colcon_core/task/python/colcon_distutils_commands:/home/bun/ros2_7bai_ws/install/mypkg/lib/python3.8/site-packages:${PYTHONPATH} /usr/bin/python3 -W ignore:setup.py install is deprecated -W ignore:easy_install command is deprecated setup.py egg_info --egg-base ../../build/mypkg build --build-base /home/bun/ros2_7bai_ws/build/mypkg/build install --record /home/bun/ros2_7bai_ws/build/mypkg/install.log --install-scripts $base/lib/mypkg --single-version-externally-managed install_data
[0.487s] running egg_info
[0.487s] writing ../../build/mypkg/mypkg.egg-info/PKG-INFO
[0.487s] writing dependency_links to ../../build/mypkg/mypkg.egg-info/dependency_links.txt
[0.488s] writing entry points to ../../build/mypkg/mypkg.egg-info/entry_points.txt
[0.488s] writing requirements to ../../build/mypkg/mypkg.egg-info/requires.txt
[0.488s] writing top-level names to ../../build/mypkg/mypkg.egg-info/top_level.txt
[0.509s] reading manifest file '../../build/mypkg/mypkg.egg-info/SOURCES.txt'
[0.509s] writing manifest file '../../build/mypkg/mypkg.egg-info/SOURCES.txt'
[0.509s] running build
[0.510s] running build_py
[0.510s] running install
[0.510s] running install_lib
[0.511s] running install_data
[0.511s] running install_egg_info
[0.512s] removing '/home/bun/ros2_7bai_ws/install/mypkg/lib/python3.8/site-packages/mypkg-0.0.0-py3.8.egg-info' (and everything under it)
[0.512s] Copying ../../build/mypkg/mypkg.egg-info to /home/bun/ros2_7bai_ws/install/mypkg/lib/python3.8/site-packages/mypkg-0.0.0-py3.8.egg-info
[0.513s] running install_scripts
[0.523s] Installing answer script to /home/bun/ros2_7bai_ws/install/mypkg/lib/mypkg
[0.523s] Installing number script to /home/bun/ros2_7bai_ws/install/mypkg/lib/mypkg
[0.523s] writing list of installed files to '/home/bun/ros2_7bai_ws/build/mypkg/install.log'
[0.537s] Invoked command in '/home/bun/ros2_7bai_ws/src/mypkg' returned '0': PYTHONPATH=/home/bun/ros2_7bai_ws/build/mypkg/prefix_override:/usr/lib/python3/dist-packages/colcon_core/task/python/colcon_distutils_commands:/home/bun/ros2_7bai_ws/install/mypkg/lib/python3.8/site-packages:${PYTHONPATH} /usr/bin/python3 -W ignore:setup.py install is deprecated -W ignore:easy_install command is deprecated setup.py egg_info --egg-base ../../build/mypkg build --build-base /home/bun/ros2_7bai_ws/build/mypkg/build install --record /home/bun/ros2_7bai_ws/build/mypkg/install.log --install-scripts $base/lib/mypkg --single-version-externally-managed install_data
